<?xml version="1.0" encoding="UTF-8"?>
<!-- Generated by org.testng.reporters.JUnitReportReporter -->
<testsuite hostname="Umair-G5" failures="0" tests="5" name="api.test.userTests" time="12.492" errors="0" timestamp="2023-11-05T17:03:19 PKT" skipped="0">
  <testcase classname="api.test.userTests" name="testCreateUser" time="7.319"/>
  <testcase classname="api.test.userTests" name="testGetUserByID" time="0.849"/>
  <testcase classname="api.test.userTests" name="testUpdateUser" time="0.976"/>
  <testcase classname="api.test.userTests" name="testDeleteUser" time="2.294"/>
  <testcase classname="api.test.userTests" name="testGetUserAfterDelete" time="1.054"/>
</testsuite> <!-- api.test.userTests -->
