<?xml version="1.0" encoding="UTF-8"?>
<!-- Generated by org.testng.reporters.JUnitReportReporter -->
<testsuite hostname="Umair-G5" failures="0" tests="5" name="api.test.userTests2" time="6.399" errors="0" timestamp="2023-11-05T17:32:02 PKT" skipped="0">
  <testcase classname="api.test.userTests2" name="testCreateUser" time="3.594"/>
  <testcase classname="api.test.userTests2" name="testGetUserByID" time="0.898"/>
  <testcase classname="api.test.userTests2" name="testUpdateUser" time="0.643"/>
  <testcase classname="api.test.userTests2" name="testDeleteUser" time="0.655"/>
  <testcase classname="api.test.userTests2" name="testGetUserAfterDelete" time="0.609"/>
</testsuite> <!-- api.test.userTests2 -->
