<?xml version="1.0" encoding="UTF-8"?>
<!-- Generated by org.testng.reporters.JUnitReportReporter -->
<testsuite hostname="Umair-G5" failures="0" tests="5" name="api.test.userTests" time="14.486" errors="0" timestamp="2023-11-05T18:34:21 PKT" skipped="0">
  <testcase classname="api.test.userTests" name="testCreateUser" time="5.554"/>
  <testcase classname="api.test.userTests" name="testGetUserByID" time="4.007"/>
  <testcase classname="api.test.userTests" name="testUpdateUser" time="2.285"/>
  <testcase classname="api.test.userTests" name="testDeleteUser" time="1.825"/>
  <testcase classname="api.test.userTests" name="testGetUserAfterDelete" time="0.815"/>
</testsuite> <!-- api.test.userTests -->
